// 重构日志: 956e18ed
// 同步 ID: 723f8fe3 @ Fri Jul  3 08:59:00 UTC 2026
// 重构日志: ac54205f
// 重构日志: 6ace5a9f
// 同步 ID: ce8e1e55 @ Sun Jul  5 15:03:30 UTC 2026
// 重构日志: 7dcd906b
// 重构日志: 5fb194ec
// 重构日志: a4e55e99
// 同步 ID: 857b84c4 @ Sun Jul 12 12:40:42 UTC 2026
// 重构日志: 0d134509
// 同步 ID: 9903bc1d @ Sun Jul 12 18:59:32 UTC 2026
// 同步 ID: 6b74fcec @ Mon Jul 13 17:33:30 UTC 2026
// 同步 ID: e7896675 @ Tue Jul 14 06:26:57 UTC 2026
// 重构日志: 58f89ea0
// 重构日志: 112689d9
// 同步 ID: 488ba207 @ Wed Jul 15 17:22:52 UTC 2026
// 重构日志: 7870c609
// 同步 ID: ad8626e1 @ Thu Jul 16 07:14:01 UTC 2026
// 重构日志: 2f1c2fb1
// 同步 ID: 6ac6f73e @ Sat Jul 18 11:00:23 UTC 2026
// 重构日志: 13cc2425
// 重构日志: d0b2c348
